<?xml version="1.0" encoding="utf-8"?><testsuites name="pytest tests"><testsuite name="Gdkj" errors="0" failures="0" skipped="0" tests="7" time="10.361" timestamp="2025-07-07T16:37:35.127273+08:00" hostname="PC-20250317CGZJ"><testcase classname="gdkjtestpro.test_AIchat.TestAllTestName" name="test_name_name[None]" time="3.949" /><testcase classname="gdkjtestpro.test_batchText.TestAllTestName" name="test_name_name[None]" time="1.854" /><testcase classname="gdkjtestpro.test_digitalHuman.TestAllTestName" name="test_name_name[None]" time="0.114" /><testcase classname="gdkjtestpro.test_official.TestAllTestName" name="test_name_name[None]" time="0.087" /><testcase classname="gdkjtestpro.test_textPolishing.TestAllTestName" name="test_name_name[None]" time="3.423" /><testcase classname="gdkjtestpro.test_textToVideo.TestAllTestName" name="test_name_name[None]" time="0.213" /><testcase classname="gdkjtestpro.test_texttoimg.TestAllTestName" name="test_name_name[None]" time="0.194" /></testsuite></testsuites>