<?xml version="1.0" encoding="utf-8"?><testsuites name="pytest tests"><testsuite name="Gdkj" errors="0" failures="0" skipped="0" tests="1" time="0.551" timestamp="2025-07-07T14:18:29.526276+08:00" hostname="PC-20250317CGZJ"><testcase classname="gdkjtestpro.test_login.TestAllTestName" name="test_name_name[None]" time="0.084" /></testsuite></testsuites>