<?xml version="1.0" encoding="utf-8"?><testsuites name="pytest tests"><testsuite name="Gdkj" errors="0" failures="1" skipped="0" tests="7" time="12.696" timestamp="2025-07-08T09:26:10.077193+08:00" hostname="PC-20250317CGZJ"><testcase classname="gdkjtestpro.test_AIchat.TestAllTestName" name="test_name_name[None]" time="6.181" /><testcase classname="gdkjtestpro.test_batchText.TestAllTestName" name="test_name_name[None]" time="2.890" /><testcase classname="gdkjtestpro.test_digitalHuman.TestAllTestName" name="test_name_name[None]" time="0.001"><failure message="NameError: name 'NULL' is not defined">self = &lt;test_digitalHuman.TestAllTestName object at 0x000001A1F73BC7D0&gt;, data = None

    @pytest.mark.parametrize("data", [testdata])
    def test_name_name(self,data):
       testcase1 = Name()
&gt;      testcase1.Assert_testname(data)

gdkjtestpro\test_digitalHuman.py:75: 
_ _ _ _ _ _ _ _ _ _ _ _ _ _ _ _ _ _ _ _ _ _ _ _ _ _ _ _ _ _ _ _ _ _ _ _ _ _ _ _ _ _ _ _ _ _ _ _ _ _ _ _ _ _ _ _ _ _ _ _ _ _ _ _ _ _ _ _ _ _ _ _ _ _ _ _ _ _ _ _ _ _ _ _ _ _ _ _ _ _ _ _ _ _ _ _ _ _ _ _ _ _ _ _ _ _ _ _ _ _ _ _ _ _ _ _ _ _ _ _ _ _ _ _ _ _ _ 

self = &lt;test_digitalHuman.Name object at 0x000001A1F72B3E00&gt;, data = None

    def Assert_testname(self,data):
    
       token = Name().read_json('gdkjtestpro/userinfo.json')
       url = "https://zhpro.gdcar.net/ai/task/submitTask"
    
       payload = json.dumps([{
          "width": 1080,
          "height": 1920,
          "x": 0,
          "y": 0,
&gt;         "beauty_white_img_index": NULL,
                                    ^^^^
          "beauty_enlarge_eye_img_index": NULL,
          "beauty_thinface_img_index": NULL,
          "beauty_smooth_img_index": NULL,
          "gen_srt": True,
          "videoid": "842c0866-c9c4-4501-b214-82dd0a50f57f",
          "source_video": "bd2_1.mp4",
          "background_name": "0ffae4fadf3141119322f3294f006ce5.png",
          "backgroundid": "1",
          "ref_audio": "缓慢慈祥讲知识_女.wav",
          "audioid": "audio10",
          "text": "123458",
          "videonmae": "",
          "fn_name": "wrapper_4",
          "tts_method": "CosyVoice",
          "no_change_background": False
        }])
E      NameError: name 'NULL' is not defined

gdkjtestpro\test_digitalHuman.py:32: NameError</failure></testcase><testcase classname="gdkjtestpro.test_official.TestAllTestName" name="test_name_name[None]" time="0.090" /><testcase classname="gdkjtestpro.test_textPolishing.TestAllTestName" name="test_name_name[None]" time="2.838" /><testcase classname="gdkjtestpro.test_textToVideo.TestAllTestName" name="test_name_name[None]" time="0.210" /><testcase classname="gdkjtestpro.test_texttoimg.TestAllTestName" name="test_name_name[None]" time="0.245" /></testsuite></testsuites>