<?xml version="1.0" encoding="utf-8"?><testsuites name="pytest tests"><testsuite name="Gdkj" errors="0" failures="0" skipped="0" tests="7" time="14.568" timestamp="2025-07-08T09:11:55.668005+08:00" hostname="PC-20250317CGZJ"><testcase classname="gdkjtestpro.test_AIchat.TestAllTestName" name="test_name_name[None]" time="7.729" /><testcase classname="gdkjtestpro.test_batchText.TestAllTestName" name="test_name_name[None]" time="1.898" /><testcase classname="gdkjtestpro.test_digitalHuman.TestAllTestName" name="test_name_name[None]" time="0.217" /><testcase classname="gdkjtestpro.test_official.TestAllTestName" name="test_name_name[None]" time="0.137" /><testcase classname="gdkjtestpro.test_textPolishing.TestAllTestName" name="test_name_name[None]" time="3.300" /><testcase classname="gdkjtestpro.test_textToVideo.TestAllTestName" name="test_name_name[None]" time="0.307" /><testcase classname="gdkjtestpro.test_texttoimg.TestAllTestName" name="test_name_name[None]" time="0.203" /></testsuite></testsuites>